ERROR - 2026-01-16 06:44:19 --> Error connecting to the database: mysqli_sql_exception: Unknown database 'holycross_onesystem' in C:\xampp\htdocs\hcc_grades2022-23\system\Database\MySQLi\Connection.php:202
Stack trace:
#0 C:\xampp\htdocs\hcc_grades2022-23\system\Database\MySQLi\Connection.php(202): mysqli->real_connect('localhost', 'root', '', 'holycross_onesy...', 3306, '', 0)
#1 C:\xampp\htdocs\hcc_grades2022-23\system\Database\BaseConnection.php(419): CodeIgniter\Database\MySQLi\Connection->connect(false)
#2 C:\xampp\htdocs\hcc_grades2022-23\system\Database\MySQLi\Connection.php(367): CodeIgniter\Database\BaseConnection->initialize()
#3 C:\xampp\htdocs\hcc_grades2022-23\system\Database\BaseConnection.php(1412): CodeIgniter\Database\MySQLi\Connection->_escapeString('guevarra')
#4 C:\xampp\htdocs\hcc_grades2022-23\system\Database\BaseConnection.php(1446): CodeIgniter\Database\BaseConnection->escapeString('guevarra', true)
#5 C:\xampp\htdocs\hcc_grades2022-23\app\Controllers\Grades.php(152): CodeIgniter\Database\BaseConnection->escapeLikeString('guevarra')
#6 C:\xampp\htdocs\hcc_grades2022-23\system\CodeIgniter.php(933): App\Controllers\Grades->findStudentByName()
#7 C:\xampp\htdocs\hcc_grades2022-23\system\CodeIgniter.php(507): CodeIgniter\CodeIgniter->runController(Object(App\Controllers\Grades))
#8 C:\xampp\htdocs\hcc_grades2022-23\system\CodeIgniter.php(354): CodeIgniter\CodeIgniter->handleRequest(NULL, Object(Config\Cache), false)
#9 C:\xampp\htdocs\hcc_grades2022-23\system\Boot.php(363): CodeIgniter\CodeIgniter->run()
#10 C:\xampp\htdocs\hcc_grades2022-23\system\Boot.php(68): CodeIgniter\Boot::runCodeIgniter(Object(CodeIgniter\CodeIgniter))
#11 C:\xampp\htdocs\hcc_grades2022-23\public\index.php(59): CodeIgniter\Boot::bootWeb(Object(Config\Paths))
#12 C:\xampp\htdocs\hcc_grades2022-23\system\rewrite.php(44): require_once('C:\\xampp\\htdocs...')
#13 {main}

Next CodeIgniter\Database\Exceptions\DatabaseException: Unknown database 'holycross_onesystem' in C:\xampp\htdocs\hcc_grades2022-23\system\Database\MySQLi\Connection.php:246
Stack trace:
#0 C:\xampp\htdocs\hcc_grades2022-23\system\Database\BaseConnection.php(419): CodeIgniter\Database\MySQLi\Connection->connect(false)
#1 C:\xampp\htdocs\hcc_grades2022-23\system\Database\MySQLi\Connection.php(367): CodeIgniter\Database\BaseConnection->initialize()
#2 C:\xampp\htdocs\hcc_grades2022-23\system\Database\BaseConnection.php(1412): CodeIgniter\Database\MySQLi\Connection->_escapeString('guevarra')
#3 C:\xampp\htdocs\hcc_grades2022-23\system\Database\BaseConnection.php(1446): CodeIgniter\Database\BaseConnection->escapeString('guevarra', true)
#4 C:\xampp\htdocs\hcc_grades2022-23\app\Controllers\Grades.php(152): CodeIgniter\Database\BaseConnection->escapeLikeString('guevarra')
#5 C:\xampp\htdocs\hcc_grades2022-23\system\CodeIgniter.php(933): App\Controllers\Grades->findStudentByName()
#6 C:\xampp\htdocs\hcc_grades2022-23\system\CodeIgniter.php(507): CodeIgniter\CodeIgniter->runController(Object(App\Controllers\Grades))
#7 C:\xampp\htdocs\hcc_grades2022-23\system\CodeIgniter.php(354): CodeIgniter\CodeIgniter->handleRequest(NULL, Object(Config\Cache), false)
#8 C:\xampp\htdocs\hcc_grades2022-23\system\Boot.php(363): CodeIgniter\CodeIgniter->run()
#9 C:\xampp\htdocs\hcc_grades2022-23\system\Boot.php(68): CodeIgniter\Boot::runCodeIgniter(Object(CodeIgniter\CodeIgniter))
#10 C:\xampp\htdocs\hcc_grades2022-23\public\index.php(59): CodeIgniter\Boot::bootWeb(Object(Config\Paths))
#11 C:\xampp\htdocs\hcc_grades2022-23\system\rewrite.php(44): require_once('C:\\xampp\\htdocs...')
#12 {main}
ERROR - 2026-01-16 06:44:19 --> Error finding student by name: Unable to connect to the database.
Main connection [MySQLi]: Unknown database 'holycross_onesystem'
ERROR - 2026-01-16 07:07:41 --> Error connecting to the database: mysqli_sql_exception: Unknown database 'holycross_onesystem' in C:\xampp\htdocs\hcc_grades2022-23\system\Database\MySQLi\Connection.php:202
Stack trace:
#0 C:\xampp\htdocs\hcc_grades2022-23\system\Database\MySQLi\Connection.php(202): mysqli->real_connect('localhost', 'root', '', 'holycross_onesy...', 3306, '', 0)
#1 C:\xampp\htdocs\hcc_grades2022-23\system\Database\BaseConnection.php(419): CodeIgniter\Database\MySQLi\Connection->connect(false)
#2 C:\xampp\htdocs\hcc_grades2022-23\system\Database\MySQLi\Connection.php(367): CodeIgniter\Database\BaseConnection->initialize()
#3 C:\xampp\htdocs\hcc_grades2022-23\system\Database\BaseConnection.php(1412): CodeIgniter\Database\MySQLi\Connection->_escapeString('guevarra')
#4 C:\xampp\htdocs\hcc_grades2022-23\system\Database\BaseConnection.php(1446): CodeIgniter\Database\BaseConnection->escapeString('guevarra', true)
#5 C:\xampp\htdocs\hcc_grades2022-23\app\Controllers\Grades.php(152): CodeIgniter\Database\BaseConnection->escapeLikeString('guevarra')
#6 C:\xampp\htdocs\hcc_grades2022-23\system\CodeIgniter.php(933): App\Controllers\Grades->findStudentByName()
#7 C:\xampp\htdocs\hcc_grades2022-23\system\CodeIgniter.php(507): CodeIgniter\CodeIgniter->runController(Object(App\Controllers\Grades))
#8 C:\xampp\htdocs\hcc_grades2022-23\system\CodeIgniter.php(354): CodeIgniter\CodeIgniter->handleRequest(NULL, Object(Config\Cache), false)
#9 C:\xampp\htdocs\hcc_grades2022-23\system\Boot.php(363): CodeIgniter\CodeIgniter->run()
#10 C:\xampp\htdocs\hcc_grades2022-23\system\Boot.php(68): CodeIgniter\Boot::runCodeIgniter(Object(CodeIgniter\CodeIgniter))
#11 C:\xampp\htdocs\hcc_grades2022-23\public\index.php(59): CodeIgniter\Boot::bootWeb(Object(Config\Paths))
#12 C:\xampp\htdocs\hcc_grades2022-23\system\rewrite.php(44): require_once('C:\\xampp\\htdocs...')
#13 {main}

Next CodeIgniter\Database\Exceptions\DatabaseException: Unknown database 'holycross_onesystem' in C:\xampp\htdocs\hcc_grades2022-23\system\Database\MySQLi\Connection.php:246
Stack trace:
#0 C:\xampp\htdocs\hcc_grades2022-23\system\Database\BaseConnection.php(419): CodeIgniter\Database\MySQLi\Connection->connect(false)
#1 C:\xampp\htdocs\hcc_grades2022-23\system\Database\MySQLi\Connection.php(367): CodeIgniter\Database\BaseConnection->initialize()
#2 C:\xampp\htdocs\hcc_grades2022-23\system\Database\BaseConnection.php(1412): CodeIgniter\Database\MySQLi\Connection->_escapeString('guevarra')
#3 C:\xampp\htdocs\hcc_grades2022-23\system\Database\BaseConnection.php(1446): CodeIgniter\Database\BaseConnection->escapeString('guevarra', true)
#4 C:\xampp\htdocs\hcc_grades2022-23\app\Controllers\Grades.php(152): CodeIgniter\Database\BaseConnection->escapeLikeString('guevarra')
#5 C:\xampp\htdocs\hcc_grades2022-23\system\CodeIgniter.php(933): App\Controllers\Grades->findStudentByName()
#6 C:\xampp\htdocs\hcc_grades2022-23\system\CodeIgniter.php(507): CodeIgniter\CodeIgniter->runController(Object(App\Controllers\Grades))
#7 C:\xampp\htdocs\hcc_grades2022-23\system\CodeIgniter.php(354): CodeIgniter\CodeIgniter->handleRequest(NULL, Object(Config\Cache), false)
#8 C:\xampp\htdocs\hcc_grades2022-23\system\Boot.php(363): CodeIgniter\CodeIgniter->run()
#9 C:\xampp\htdocs\hcc_grades2022-23\system\Boot.php(68): CodeIgniter\Boot::runCodeIgniter(Object(CodeIgniter\CodeIgniter))
#10 C:\xampp\htdocs\hcc_grades2022-23\public\index.php(59): CodeIgniter\Boot::bootWeb(Object(Config\Paths))
#11 C:\xampp\htdocs\hcc_grades2022-23\system\rewrite.php(44): require_once('C:\\xampp\\htdocs...')
#12 {main}
ERROR - 2026-01-16 07:07:41 --> Error finding student by name: Unable to connect to the database.
Main connection [MySQLi]: Unknown database 'holycross_onesystem'
ERROR - 2026-01-16 07:07:43 --> Error connecting to the database: mysqli_sql_exception: Unknown database 'holycross_onesystem' in C:\xampp\htdocs\hcc_grades2022-23\system\Database\MySQLi\Connection.php:202
Stack trace:
#0 C:\xampp\htdocs\hcc_grades2022-23\system\Database\MySQLi\Connection.php(202): mysqli->real_connect('localhost', 'root', '', 'holycross_onesy...', 3306, '', 0)
#1 C:\xampp\htdocs\hcc_grades2022-23\system\Database\BaseConnection.php(419): CodeIgniter\Database\MySQLi\Connection->connect(false)
#2 C:\xampp\htdocs\hcc_grades2022-23\system\Database\MySQLi\Connection.php(367): CodeIgniter\Database\BaseConnection->initialize()
#3 C:\xampp\htdocs\hcc_grades2022-23\system\Database\BaseConnection.php(1412): CodeIgniter\Database\MySQLi\Connection->_escapeString('guevarra')
#4 C:\xampp\htdocs\hcc_grades2022-23\system\Database\BaseConnection.php(1446): CodeIgniter\Database\BaseConnection->escapeString('guevarra', true)
#5 C:\xampp\htdocs\hcc_grades2022-23\app\Controllers\Grades.php(152): CodeIgniter\Database\BaseConnection->escapeLikeString('guevarra')
#6 C:\xampp\htdocs\hcc_grades2022-23\system\CodeIgniter.php(933): App\Controllers\Grades->findStudentByName()
#7 C:\xampp\htdocs\hcc_grades2022-23\system\CodeIgniter.php(507): CodeIgniter\CodeIgniter->runController(Object(App\Controllers\Grades))
#8 C:\xampp\htdocs\hcc_grades2022-23\system\CodeIgniter.php(354): CodeIgniter\CodeIgniter->handleRequest(NULL, Object(Config\Cache), false)
#9 C:\xampp\htdocs\hcc_grades2022-23\system\Boot.php(363): CodeIgniter\CodeIgniter->run()
#10 C:\xampp\htdocs\hcc_grades2022-23\system\Boot.php(68): CodeIgniter\Boot::runCodeIgniter(Object(CodeIgniter\CodeIgniter))
#11 C:\xampp\htdocs\hcc_grades2022-23\public\index.php(59): CodeIgniter\Boot::bootWeb(Object(Config\Paths))
#12 C:\xampp\htdocs\hcc_grades2022-23\system\rewrite.php(44): require_once('C:\\xampp\\htdocs...')
#13 {main}

Next CodeIgniter\Database\Exceptions\DatabaseException: Unknown database 'holycross_onesystem' in C:\xampp\htdocs\hcc_grades2022-23\system\Database\MySQLi\Connection.php:246
Stack trace:
#0 C:\xampp\htdocs\hcc_grades2022-23\system\Database\BaseConnection.php(419): CodeIgniter\Database\MySQLi\Connection->connect(false)
#1 C:\xampp\htdocs\hcc_grades2022-23\system\Database\MySQLi\Connection.php(367): CodeIgniter\Database\BaseConnection->initialize()
#2 C:\xampp\htdocs\hcc_grades2022-23\system\Database\BaseConnection.php(1412): CodeIgniter\Database\MySQLi\Connection->_escapeString('guevarra')
#3 C:\xampp\htdocs\hcc_grades2022-23\system\Database\BaseConnection.php(1446): CodeIgniter\Database\BaseConnection->escapeString('guevarra', true)
#4 C:\xampp\htdocs\hcc_grades2022-23\app\Controllers\Grades.php(152): CodeIgniter\Database\BaseConnection->escapeLikeString('guevarra')
#5 C:\xampp\htdocs\hcc_grades2022-23\system\CodeIgniter.php(933): App\Controllers\Grades->findStudentByName()
#6 C:\xampp\htdocs\hcc_grades2022-23\system\CodeIgniter.php(507): CodeIgniter\CodeIgniter->runController(Object(App\Controllers\Grades))
#7 C:\xampp\htdocs\hcc_grades2022-23\system\CodeIgniter.php(354): CodeIgniter\CodeIgniter->handleRequest(NULL, Object(Config\Cache), false)
#8 C:\xampp\htdocs\hcc_grades2022-23\system\Boot.php(363): CodeIgniter\CodeIgniter->run()
#9 C:\xampp\htdocs\hcc_grades2022-23\system\Boot.php(68): CodeIgniter\Boot::runCodeIgniter(Object(CodeIgniter\CodeIgniter))
#10 C:\xampp\htdocs\hcc_grades2022-23\public\index.php(59): CodeIgniter\Boot::bootWeb(Object(Config\Paths))
#11 C:\xampp\htdocs\hcc_grades2022-23\system\rewrite.php(44): require_once('C:\\xampp\\htdocs...')
#12 {main}
ERROR - 2026-01-16 07:07:43 --> Error finding student by name: Unable to connect to the database.
Main connection [MySQLi]: Unknown database 'holycross_onesystem'
ERROR - 2026-01-16 07:07:43 --> Error connecting to the database: mysqli_sql_exception: Unknown database 'holycross_onesystem' in C:\xampp\htdocs\hcc_grades2022-23\system\Database\MySQLi\Connection.php:202
Stack trace:
#0 C:\xampp\htdocs\hcc_grades2022-23\system\Database\MySQLi\Connection.php(202): mysqli->real_connect('localhost', 'root', '', 'holycross_onesy...', 3306, '', 0)
#1 C:\xampp\htdocs\hcc_grades2022-23\system\Database\BaseConnection.php(419): CodeIgniter\Database\MySQLi\Connection->connect(false)
#2 C:\xampp\htdocs\hcc_grades2022-23\system\Database\MySQLi\Connection.php(367): CodeIgniter\Database\BaseConnection->initialize()
#3 C:\xampp\htdocs\hcc_grades2022-23\system\Database\BaseConnection.php(1412): CodeIgniter\Database\MySQLi\Connection->_escapeString('guevarra')
#4 C:\xampp\htdocs\hcc_grades2022-23\system\Database\BaseConnection.php(1446): CodeIgniter\Database\BaseConnection->escapeString('guevarra', true)
#5 C:\xampp\htdocs\hcc_grades2022-23\app\Controllers\Grades.php(152): CodeIgniter\Database\BaseConnection->escapeLikeString('guevarra')
#6 C:\xampp\htdocs\hcc_grades2022-23\system\CodeIgniter.php(933): App\Controllers\Grades->findStudentByName()
#7 C:\xampp\htdocs\hcc_grades2022-23\system\CodeIgniter.php(507): CodeIgniter\CodeIgniter->runController(Object(App\Controllers\Grades))
#8 C:\xampp\htdocs\hcc_grades2022-23\system\CodeIgniter.php(354): CodeIgniter\CodeIgniter->handleRequest(NULL, Object(Config\Cache), false)
#9 C:\xampp\htdocs\hcc_grades2022-23\system\Boot.php(363): CodeIgniter\CodeIgniter->run()
#10 C:\xampp\htdocs\hcc_grades2022-23\system\Boot.php(68): CodeIgniter\Boot::runCodeIgniter(Object(CodeIgniter\CodeIgniter))
#11 C:\xampp\htdocs\hcc_grades2022-23\public\index.php(59): CodeIgniter\Boot::bootWeb(Object(Config\Paths))
#12 C:\xampp\htdocs\hcc_grades2022-23\system\rewrite.php(44): require_once('C:\\xampp\\htdocs...')
#13 {main}

Next CodeIgniter\Database\Exceptions\DatabaseException: Unknown database 'holycross_onesystem' in C:\xampp\htdocs\hcc_grades2022-23\system\Database\MySQLi\Connection.php:246
Stack trace:
#0 C:\xampp\htdocs\hcc_grades2022-23\system\Database\BaseConnection.php(419): CodeIgniter\Database\MySQLi\Connection->connect(false)
#1 C:\xampp\htdocs\hcc_grades2022-23\system\Database\MySQLi\Connection.php(367): CodeIgniter\Database\BaseConnection->initialize()
#2 C:\xampp\htdocs\hcc_grades2022-23\system\Database\BaseConnection.php(1412): CodeIgniter\Database\MySQLi\Connection->_escapeString('guevarra')
#3 C:\xampp\htdocs\hcc_grades2022-23\system\Database\BaseConnection.php(1446): CodeIgniter\Database\BaseConnection->escapeString('guevarra', true)
#4 C:\xampp\htdocs\hcc_grades2022-23\app\Controllers\Grades.php(152): CodeIgniter\Database\BaseConnection->escapeLikeString('guevarra')
#5 C:\xampp\htdocs\hcc_grades2022-23\system\CodeIgniter.php(933): App\Controllers\Grades->findStudentByName()
#6 C:\xampp\htdocs\hcc_grades2022-23\system\CodeIgniter.php(507): CodeIgniter\CodeIgniter->runController(Object(App\Controllers\Grades))
#7 C:\xampp\htdocs\hcc_grades2022-23\system\CodeIgniter.php(354): CodeIgniter\CodeIgniter->handleRequest(NULL, Object(Config\Cache), false)
#8 C:\xampp\htdocs\hcc_grades2022-23\system\Boot.php(363): CodeIgniter\CodeIgniter->run()
#9 C:\xampp\htdocs\hcc_grades2022-23\system\Boot.php(68): CodeIgniter\Boot::runCodeIgniter(Object(CodeIgniter\CodeIgniter))
#10 C:\xampp\htdocs\hcc_grades2022-23\public\index.php(59): CodeIgniter\Boot::bootWeb(Object(Config\Paths))
#11 C:\xampp\htdocs\hcc_grades2022-23\system\rewrite.php(44): require_once('C:\\xampp\\htdocs...')
#12 {main}
ERROR - 2026-01-16 07:07:43 --> Error finding student by name: Unable to connect to the database.
Main connection [MySQLi]: Unknown database 'holycross_onesystem'
ERROR - 2026-01-16 07:07:53 --> Error connecting to the database: mysqli_sql_exception: Unknown database 'holycross_onesystem' in C:\xampp\htdocs\hcc_grades2022-23\system\Database\MySQLi\Connection.php:202
Stack trace:
#0 C:\xampp\htdocs\hcc_grades2022-23\system\Database\MySQLi\Connection.php(202): mysqli->real_connect('localhost', 'root', '', 'holycross_onesy...', 3306, '', 0)
#1 C:\xampp\htdocs\hcc_grades2022-23\system\Database\BaseConnection.php(419): CodeIgniter\Database\MySQLi\Connection->connect(false)
#2 C:\xampp\htdocs\hcc_grades2022-23\system\Database\MySQLi\Connection.php(367): CodeIgniter\Database\BaseConnection->initialize()
#3 C:\xampp\htdocs\hcc_grades2022-23\system\Database\BaseConnection.php(1412): CodeIgniter\Database\MySQLi\Connection->_escapeString('guevarra')
#4 C:\xampp\htdocs\hcc_grades2022-23\system\Database\BaseConnection.php(1446): CodeIgniter\Database\BaseConnection->escapeString('guevarra', true)
#5 C:\xampp\htdocs\hcc_grades2022-23\app\Controllers\Grades.php(152): CodeIgniter\Database\BaseConnection->escapeLikeString('guevarra')
#6 C:\xampp\htdocs\hcc_grades2022-23\system\CodeIgniter.php(933): App\Controllers\Grades->findStudentByName()
#7 C:\xampp\htdocs\hcc_grades2022-23\system\CodeIgniter.php(507): CodeIgniter\CodeIgniter->runController(Object(App\Controllers\Grades))
#8 C:\xampp\htdocs\hcc_grades2022-23\system\CodeIgniter.php(354): CodeIgniter\CodeIgniter->handleRequest(NULL, Object(Config\Cache), false)
#9 C:\xampp\htdocs\hcc_grades2022-23\system\Boot.php(363): CodeIgniter\CodeIgniter->run()
#10 C:\xampp\htdocs\hcc_grades2022-23\system\Boot.php(68): CodeIgniter\Boot::runCodeIgniter(Object(CodeIgniter\CodeIgniter))
#11 C:\xampp\htdocs\hcc_grades2022-23\public\index.php(59): CodeIgniter\Boot::bootWeb(Object(Config\Paths))
#12 C:\xampp\htdocs\hcc_grades2022-23\system\rewrite.php(44): require_once('C:\\xampp\\htdocs...')
#13 {main}

Next CodeIgniter\Database\Exceptions\DatabaseException: Unknown database 'holycross_onesystem' in C:\xampp\htdocs\hcc_grades2022-23\system\Database\MySQLi\Connection.php:246
Stack trace:
#0 C:\xampp\htdocs\hcc_grades2022-23\system\Database\BaseConnection.php(419): CodeIgniter\Database\MySQLi\Connection->connect(false)
#1 C:\xampp\htdocs\hcc_grades2022-23\system\Database\MySQLi\Connection.php(367): CodeIgniter\Database\BaseConnection->initialize()
#2 C:\xampp\htdocs\hcc_grades2022-23\system\Database\BaseConnection.php(1412): CodeIgniter\Database\MySQLi\Connection->_escapeString('guevarra')
#3 C:\xampp\htdocs\hcc_grades2022-23\system\Database\BaseConnection.php(1446): CodeIgniter\Database\BaseConnection->escapeString('guevarra', true)
#4 C:\xampp\htdocs\hcc_grades2022-23\app\Controllers\Grades.php(152): CodeIgniter\Database\BaseConnection->escapeLikeString('guevarra')
#5 C:\xampp\htdocs\hcc_grades2022-23\system\CodeIgniter.php(933): App\Controllers\Grades->findStudentByName()
#6 C:\xampp\htdocs\hcc_grades2022-23\system\CodeIgniter.php(507): CodeIgniter\CodeIgniter->runController(Object(App\Controllers\Grades))
#7 C:\xampp\htdocs\hcc_grades2022-23\system\CodeIgniter.php(354): CodeIgniter\CodeIgniter->handleRequest(NULL, Object(Config\Cache), false)
#8 C:\xampp\htdocs\hcc_grades2022-23\system\Boot.php(363): CodeIgniter\CodeIgniter->run()
#9 C:\xampp\htdocs\hcc_grades2022-23\system\Boot.php(68): CodeIgniter\Boot::runCodeIgniter(Object(CodeIgniter\CodeIgniter))
#10 C:\xampp\htdocs\hcc_grades2022-23\public\index.php(59): CodeIgniter\Boot::bootWeb(Object(Config\Paths))
#11 C:\xampp\htdocs\hcc_grades2022-23\system\rewrite.php(44): require_once('C:\\xampp\\htdocs...')
#12 {main}
ERROR - 2026-01-16 07:07:53 --> Error finding student by name: Unable to connect to the database.
Main connection [MySQLi]: Unknown database 'holycross_onesystem'
